{"level":"error","message":"파라미터 오류","timestamp":"2014-06-10T07:07:02.375Z"}
{"level":"error","message":"파라미터 오류","timestamp":"2014-06-10T07:07:39.403Z"}
{"level":"error","message":"xid is not defined","timestamp":"2014-06-10T09:27:49.009Z"}
{"level":"error","message":"xid is not defined","timestamp":"2014-06-10T09:29:02.628Z"}
{"level":"error","message":"xid is not defined","timestamp":"2014-06-10T09:29:28.557Z"}
{"level":"error","message":"xid is not defined","timestamp":"2014-06-10T09:29:59.282Z"}
{"level":"error","message":"xid is not defined","timestamp":"2014-06-10T09:30:01.200Z"}
{"level":"error","message":"xid is not defined","timestamp":"2014-06-10T09:31:01.583Z"}
{"level":"error","message":"xid is not defined","timestamp":"2014-06-10T09:31:26.410Z"}
{"level":"error","message":"xid is not defined","timestamp":"2014-06-10T09:31:43.545Z"}
{"level":"error","message":"xid is not defined","timestamp":"2014-06-10T09:32:16.536Z"}
{"level":"error","message":"undefined is not a function","timestamp":"2014-06-10T09:33:28.463Z"}
{"level":"error","message":"Object function redisConnection(redisConfig) {\n\tthis.redisClient = redis.createClient(redisConfig.port, redisConfig.host);\n} has no method 'get'","timestamp":"2014-06-10T09:33:41.687Z"}
{"level":"error","message":"Object function redisConnection(redisConfig) {\n\tthis.redisClient = redis.createClient(redisConfig.port, redisConfig.host);\n} has no method 'get'","timestamp":"2014-06-10T09:34:44.970Z"}
{"level":"error","message":"Object function redisConnection(redisConfig) {\n\tthis.redisClient = redis.createClient(redisConfig.port, redisConfig.host);\n} has no method 'get'","timestamp":"2014-06-10T09:38:26.355Z"}
{"level":"error","message":"Object function redisConnection(redisConfig) {\n\tthis.redisClient = redis.createClient(redisConfig.port, redisConfig.host);\n} has no method 'get'","timestamp":"2014-06-10T09:39:20.722Z"}
{"level":"error","message":"Object function redisConnection(redisConfig) {\n\tthis.redisClient = redis.createClient(redisConfig.port, redisConfig.host);\n} has no method 'get'","timestamp":"2014-06-10T09:41:34.454Z"}
{"level":"error","message":"undefined is not a function","timestamp":"2014-06-10T17:04:59.295Z"}
{"level":"error","message":"undefined is not a function","timestamp":"2014-06-10T17:05:48.053Z"}
{"level":"error","message":"파라미터 오류","timestamp":"2014-06-10T17:48:03.611Z"}
{"level":"error","message":"Object #<Object> has no method 'get_service_version'","timestamp":"2014-06-10T17:55:56.568Z"}
{"level":"error","message":"device is not defined","timestamp":"2014-06-10T18:38:27.965Z"}
{"level":"error","message":"device is not defined","timestamp":"2014-06-10T18:39:32.619Z"}
{"level":"error","message":"파라미터 오류","timestamp":"2014-06-10T18:44:52.750Z"}
{"level":"error","message":"NULL is not defined","timestamp":"2014-08-14T15:45:41.023Z"}
{"level":"error","message":"resArray is not defined","timestamp":"2014-08-21T16:31:45.734Z"}
{"level":"error","message":"type is not defined","timestamp":"2014-08-21T19:50:05.651Z"}
{"level":"error","message":"No boundary key found.","timestamp":"2014-08-21T19:51:19.283Z"}
{"level":"error","message":"type is not defined","timestamp":"2014-08-21T19:52:58.238Z"}
{"level":"error","message":"device is not defined","timestamp":"2014-08-24T03:33:57.173Z"}
{"level":"error","message":"device is not defined","timestamp":"2014-08-24T03:34:43.244Z"}
{"level":"error","message":"device is not defined","timestamp":"2014-08-24T03:36:19.199Z"}
{"level":"error","message":"device is not defined","timestamp":"2014-08-24T03:36:53.512Z"}
{"level":"error","message":"push_queue is not defined","timestamp":"2014-10-26T07:41:13.346Z"}
{"level":"error","message":"amqp is not defined","timestamp":"2014-10-26T07:41:34.497Z"}
{"level":"error","message":"amqp is not defined","timestamp":"2014-10-26T07:42:17.087Z"}
{"level":"error","message":"config is not defined","timestamp":"2014-10-26T07:42:46.378Z"}
{"level":"error","message":"t is not defined","timestamp":"2014-10-26T09:10:21.883Z"}
{"level":"error","message":"t is not defined","timestamp":"2014-10-26T09:10:25.845Z"}
{"level":"error","message":"Object #<Object> has no method 'getMemberPushToken'","timestamp":"2014-11-03T21:28:52.523Z"}
